c:\users\smybr\documents\school projects\game development\brendonsmy-startmenu-graphics\brickbreaker\brickbreaker\debug\vc142.pdb
c:\users\smybr\documents\school projects\game development\brendonsmy-startmenu-graphics\brickbreaker\brickbreaker\debug\vc142.idb
c:\users\smybr\documents\school projects\game development\brendonsmy-startmenu-graphics\brickbreaker\brickbreaker\debug\timer.obj
c:\users\smybr\documents\school projects\game development\brendonsmy-startmenu-graphics\brickbreaker\brickbreaker\debug\texture.obj
c:\users\smybr\documents\school projects\game development\brendonsmy-startmenu-graphics\brickbreaker\brickbreaker\debug\startscreen.obj
c:\users\smybr\documents\school projects\game development\brendonsmy-startmenu-graphics\brickbreaker\brickbreaker\debug\screenmanager.obj
c:\users\smybr\documents\school projects\game development\brendonsmy-startmenu-graphics\brickbreaker\brickbreaker\debug\playscreen.obj
c:\users\smybr\documents\school projects\game development\brendonsmy-startmenu-graphics\brickbreaker\brickbreaker\debug\main.obj
c:\users\smybr\documents\school projects\game development\brendonsmy-startmenu-graphics\brickbreaker\brickbreaker\debug\inputmanager.obj
c:\users\smybr\documents\school projects\game development\brendonsmy-startmenu-graphics\brickbreaker\brickbreaker\debug\gamemanager.obj
c:\users\smybr\documents\school projects\game development\brendonsmy-startmenu-graphics\brickbreaker\brickbreaker\debug\assetmanager.obj
c:\users\smybr\documents\school projects\game development\brendonsmy-startmenu-graphics\brickbreaker\brickbreaker\debug\animatedtexture.obj
c:\users\smybr\documents\school projects\game development\brendonsmy-startmenu-graphics\brickbreaker\brickbreaker\debug\scoreboard.obj
c:\users\smybr\documents\school projects\game development\brendonsmy-startmenu-graphics\brickbreaker\brickbreaker\debug\gameentity.obj
c:\users\smybr\documents\school projects\game development\brendonsmy-startmenu-graphics\brickbreaker\brickbreaker\debug\graphics.obj
c:\users\smybr\documents\school projects\game development\brendonsmy-startmenu-graphics\brickbreaker\debug\brickbreaker.exe
c:\users\smybr\documents\school projects\game development\brendonsmy-startmenu-graphics\brickbreaker\debug\brickbreaker.ilk
c:\users\smybr\documents\school projects\game development\brendonsmy-startmenu-graphics\brickbreaker\debug\brickbreaker.pdb
c:\users\smybr\documents\school projects\game development\brendonsmy-startmenu-graphics\brickbreaker\brickbreaker\debug\brickbreaker.tlog\cl.command.1.tlog
c:\users\smybr\documents\school projects\game development\brendonsmy-startmenu-graphics\brickbreaker\brickbreaker\debug\brickbreaker.tlog\cl.read.1.tlog
c:\users\smybr\documents\school projects\game development\brendonsmy-startmenu-graphics\brickbreaker\brickbreaker\debug\brickbreaker.tlog\cl.write.1.tlog
c:\users\smybr\documents\school projects\game development\brendonsmy-startmenu-graphics\brickbreaker\brickbreaker\debug\brickbreaker.tlog\link.command.1.tlog
c:\users\smybr\documents\school projects\game development\brendonsmy-startmenu-graphics\brickbreaker\brickbreaker\debug\brickbreaker.tlog\link.read.1.tlog
c:\users\smybr\documents\school projects\game development\brendonsmy-startmenu-graphics\brickbreaker\brickbreaker\debug\brickbreaker.tlog\link.write.1.tlog
