  GameManager.cpp
  ScreenManager.cpp
  main.cpp
  Generating Code...
GameManager.obj : error LNK2019: unresolved external symbol "public: static class SDLFramework::Graphics * __cdecl SDLFramework::Graphics::Instance(void)" (?Instance@Graphics@SDLFramework@@SAPAV12@XZ) referenced in function "public: __thiscall SDLFramework::GameManager::GameManager(void)" (??0GameManager@SDLFramework@@QAE@XZ)
Texture.obj : error LNK2001: unresolved external symbol "public: static class SDLFramework::Graphics * __cdecl SDLFramework::Graphics::Instance(void)" (?Instance@Graphics@SDLFramework@@SAPAV12@XZ)
AssetManager.obj : error LNK2001: unresolved external symbol "public: static class SDLFramework::Graphics * __cdecl SDLFramework::Graphics::Instance(void)" (?Instance@Graphics@SDLFramework@@SAPAV12@XZ)
GameManager.obj : error LNK2019: unresolved external symbol "public: static void __cdecl SDLFramework::Graphics::Release(void)" (?Release@Graphics@SDLFramework@@SAXXZ) referenced in function "public: __thiscall SDLFramework::GameManager::~GameManager(void)" (??1GameManager@SDLFramework@@QAE@XZ)
GameManager.obj : error LNK2019: unresolved external symbol "public: static bool __cdecl SDLFramework::Graphics::Initialized(void)" (?Initialized@Graphics@SDLFramework@@SA_NXZ) referenced in function "public: __thiscall SDLFramework::GameManager::GameManager(void)" (??0GameManager@SDLFramework@@QAE@XZ)
GameManager.obj : error LNK2019: unresolved external symbol "public: void __thiscall SDLFramework::Graphics::ClearBackBuffer(void)" (?ClearBackBuffer@Graphics@SDLFramework@@QAEXXZ) referenced in function "public: void __thiscall SDLFramework::GameManager::Render(void)" (?Render@GameManager@SDLFramework@@QAEXXZ)
GameManager.obj : error LNK2019: unresolved external symbol "public: void __thiscall SDLFramework::Graphics::Render(void)" (?Render@Graphics@SDLFramework@@QAEXXZ) referenced in function "public: void __thiscall SDLFramework::GameManager::Render(void)" (?Render@GameManager@SDLFramework@@QAEXXZ)
GameManager.obj : error LNK2019: unresolved external symbol "public: static void __cdecl SDLFramework::BackgroundStars::Release(void)" (?Release@BackgroundStars@SDLFramework@@SAXXZ) referenced in function "public: __thiscall SDLFramework::GameManager::~GameManager(void)" (??1GameManager@SDLFramework@@QAE@XZ)
ScreenManager.obj : error LNK2001: unresolved external symbol "public: static void __cdecl SDLFramework::BackgroundStars::Release(void)" (?Release@BackgroundStars@SDLFramework@@SAXXZ)
ScreenManager.obj : error LNK2019: unresolved external symbol "public: static class SDLFramework::BackgroundStars * __cdecl SDLFramework::BackgroundStars::Instance(void)" (?Instance@BackgroundStars@SDLFramework@@SAPAV12@XZ) referenced in function "private: __thiscall ScreenManager::ScreenManager(void)" (??0ScreenManager@@AAE@XZ)
StartScreen.obj : error LNK2001: unresolved external symbol "public: static class SDLFramework::BackgroundStars * __cdecl SDLFramework::BackgroundStars::Instance(void)" (?Instance@BackgroundStars@SDLFramework@@SAPAV12@XZ)
ScreenManager.obj : error LNK2019: unresolved external symbol "public: void __thiscall SDLFramework::BackgroundStars::Update(void)" (?Update@BackgroundStars@SDLFramework@@QAEXXZ) referenced in function "public: void __thiscall ScreenManager::Update(void)" (?Update@ScreenManager@@QAEXXZ)
ScreenManager.obj : error LNK2019: unresolved external symbol "public: void __thiscall SDLFramework::BackgroundStars::Render(void)" (?Render@BackgroundStars@SDLFramework@@QAEXXZ) referenced in function "public: void __thiscall ScreenManager::Render(void)" (?Render@ScreenManager@@QAEXXZ)
StartScreen.obj : error LNK2019: unresolved external symbol "public: __thiscall SDLFramework::GameEntity::GameEntity(float,float)" (??0GameEntity@SDLFramework@@QAE@MM@Z) referenced in function "public: __thiscall StartScreen::StartScreen(void)" (??0StartScreen@@QAE@XZ)
Texture.obj : error LNK2001: unresolved external symbol "public: __thiscall SDLFramework::GameEntity::GameEntity(float,float)" (??0GameEntity@SDLFramework@@QAE@MM@Z)
StartScreen.obj : error LNK2019: unresolved external symbol "public: __thiscall SDLFramework::GameEntity::~GameEntity(void)" (??1GameEntity@SDLFramework@@QAE@XZ) referenced in function __unwindfunclet$??0StartScreen@@QAE@XZ$0
Texture.obj : error LNK2001: unresolved external symbol "public: __thiscall SDLFramework::GameEntity::~GameEntity(void)" (??1GameEntity@SDLFramework@@QAE@XZ)
StartScreen.obj : error LNK2019: unresolved external symbol "public: void __thiscall SDLFramework::GameEntity::Position(float,float)" (?Position@GameEntity@SDLFramework@@QAEXMM@Z) referenced in function "public: __thiscall StartScreen::StartScreen(void)" (??0StartScreen@@QAE@XZ)
StartScreen.obj : error LNK2019: unresolved external symbol "public: void __thiscall SDLFramework::GameEntity::Position(struct SDLFramework::Vector2 const &)" (?Position@GameEntity@SDLFramework@@QAEXABUVector2@2@@Z) referenced in function "public: __thiscall StartScreen::StartScreen(void)" (??0StartScreen@@QAE@XZ)
StartScreen.obj : error LNK2019: unresolved external symbol "public: struct SDLFramework::Vector2 __thiscall SDLFramework::GameEntity::Position(enum SDLFramework::GameEntity::Space)" (?Position@GameEntity@SDLFramework@@QAE?AUVector2@2@W4Space@12@@Z) referenced in function "public: __thiscall StartScreen::StartScreen(void)" (??0StartScreen@@QAE@XZ)
Texture.obj : error LNK2001: unresolved external symbol "public: struct SDLFramework::Vector2 __thiscall SDLFramework::GameEntity::Position(enum SDLFramework::GameEntity::Space)" (?Position@GameEntity@SDLFramework@@QAE?AUVector2@2@W4Space@12@@Z)
StartScreen.obj : error LNK2019: unresolved external symbol "public: void __thiscall SDLFramework::GameEntity::Parent(class SDLFramework::GameEntity *)" (?Parent@GameEntity@SDLFramework@@QAEXPAV12@@Z) referenced in function "public: __thiscall StartScreen::StartScreen(void)" (??0StartScreen@@QAE@XZ)
StartScreen.obj : error LNK2019: unresolved external symbol "public: __thiscall Scoreboard::Scoreboard(void)" (??0Scoreboard@@QAE@XZ) referenced in function "public: __thiscall StartScreen::StartScreen(void)" (??0StartScreen@@QAE@XZ)
StartScreen.obj : error LNK2019: unresolved external symbol "public: __thiscall Scoreboard::~Scoreboard(void)" (??1Scoreboard@@QAE@XZ) referenced in function "public: void * __thiscall Scoreboard::`scalar deleting destructor'(unsigned int)" (??_GScoreboard@@QAEPAXI@Z)
StartScreen.obj : error LNK2019: unresolved external symbol "public: void __thiscall Scoreboard::Score(int)" (?Score@Scoreboard@@QAEXH@Z) referenced in function "public: __thiscall StartScreen::StartScreen(void)" (??0StartScreen@@QAE@XZ)
StartScreen.obj : error LNK2019: unresolved external symbol "public: void __thiscall SDLFramework::BackgroundStars::Scroll(bool)" (?Scroll@BackgroundStars@SDLFramework@@QAEX_N@Z) referenced in function "public: __thiscall StartScreen::StartScreen(void)" (??0StartScreen@@QAE@XZ)
Texture.obj : error LNK2019: unresolved external symbol "public: void __thiscall SDLFramework::Graphics::DrawTexture(struct SDL_Texture *,struct SDL_Rect *,struct SDL_Rect *,float,enum SDL_RendererFlip)" (?DrawTexture@Graphics@SDLFramework@@QAEXPAUSDL_Texture@@PAUSDL_Rect@@1MW4SDL_RendererFlip@@@Z) referenced in function "public: virtual void __thiscall SDLFramework::Texture::Render(void)" (?Render@Texture@SDLFramework@@UAEXXZ)
Texture.obj : error LNK2019: unresolved external symbol "public: float __thiscall SDLFramework::GameEntity::Rotation(enum SDLFramework::GameEntity::Space)" (?Rotation@GameEntity@SDLFramework@@QAEMW4Space@12@@Z) referenced in function "public: virtual void __thiscall SDLFramework::Texture::Render(void)" (?Render@Texture@SDLFramework@@UAEXXZ)
Texture.obj : error LNK2019: unresolved external symbol "public: struct SDLFramework::Vector2 __thiscall SDLFramework::GameEntity::Scale(enum SDLFramework::GameEntity::Space)" (?Scale@GameEntity@SDLFramework@@QAE?AUVector2@2@W4Space@12@@Z) referenced in function "public: virtual void __thiscall SDLFramework::Texture::Render(void)" (?Render@Texture@SDLFramework@@UAEXXZ)
AssetManager.obj : error LNK2019: unresolved external symbol "public: struct SDL_Texture * __thiscall SDLFramework::Graphics::CreateTextTexture(struct _TTF_Font *,class std::basic_string<char,struct std::char_traits<char>,class std::allocator<char> >,struct SDL_Color)" (?CreateTextTexture@Graphics@SDLFramework@@QAEPAUSDL_Texture@@PAU_TTF_Font@@V?$basic_string@DU?$char_traits@D@std@@V?$allocator@D@2@@std@@USDL_Color@@@Z) referenced in function "public: struct SDL_Texture * __thiscall SDLFramework::AssetManager::GetText(class std::basic_string<char,struct std::char_traits<char>,class std::allocator<char> >,class std::basic_string<char,struct std::char_traits<char>,class std::allocator<char> >,int,struct SDL_Color,bool)" (?GetText@AssetManager@SDLFramework@@QAEPAUSDL_Texture@@V?$basic_string@DU?$char_traits@D@std@@V?$allocator@D@2@@std@@0HUSDL_Color@@_N@Z)
AssetManager.obj : error LNK2019: unresolved external symbol "public: struct SDL_Texture * __thiscall SDLFramework::Graphics::LoadTexture(class std::basic_string<char,struct std::char_traits<char>,class std::allocator<char> >)" (?LoadTexture@Graphics@SDLFramework@@QAEPAUSDL_Texture@@V?$basic_string@DU?$char_traits@D@std@@V?$allocator@D@2@@std@@@Z) referenced in function "public: struct SDL_Texture * __thiscall SDLFramework::AssetManager::GetTexture(class std::basic_string<char,struct std::char_traits<char>,class std::allocator<char> >,bool)" (?GetTexture@AssetManager@SDLFramework@@QAEPAUSDL_Texture@@V?$basic_string@DU?$char_traits@D@std@@V?$allocator@D@2@@std@@_N@Z)
C:\Users\smybr\Documents\School projects\Game Development\BRENDONSMY-STARTMENU-GRAPHICS\BrickBreaker\Debug\BrickBreaker.exe : fatal error LNK1120: 24 unresolved externals
