Info:  Set state to 1
Info:  Created new entity with texture paddle.png at (305, 305)
Info:  Changed texture of entity from paddle.png to paddle.png
Info:  Created new entity with texture ball.png at (320, 320)
Info:  Placed ball on paddle.
Info:  Created new entity with texture PowerUP.png at (320, 320)
Info:  Created new entity with texture greenBrick.png at (200, 200)
Info:  Loaded level 1 with 1 blocks.
Info:  Detached ball from paddle.
Info:  Ball hit something!
Info:  0 / 1 bricks remaining
Info:  Created new entity with texture paddle.png at (305, 305)
Info:  Changed texture of entity from paddle.png to paddle.png
Info:  Created new entity with texture ball.png at (320, 320)
Info:  Placed ball on paddle.
Info:  Created new entity with texture PowerUP.png at (320, 320)
Info:  Created new entity with texture yellowBrick.png at (200, 200)
Info:  Created new entity with texture yellowBrick.png at (290, 290)
Info:  Loaded level 2 with 2 blocks.
Info:  Detached ball from paddle.
Info:  Make the paddle faster!
Info:  Ball hit something!
Info:  Ball hit something!
Info:  Ball hit something!
Info:  Changed texture of entity from yellowBrick.png to greenBrick.png
Info:  2 / 2 bricks remaining
Info:  Ball hit something!
Info:  Ball hit something!
Info:  1 / 2 bricks remaining
Info:  Ball hit something!
Info:  Ball hit something!
Info:  Ball hit something!
Info:  Ball hit something!
Info:  Ball hit something!
Info:  Changed texture of entity from yellowBrick.png to greenBrick.png
Info:  1 / 2 bricks remaining
Info:  Ball hit something!
Info:  Ball hit something!
Info:  Ball hit something!
Info:  Ball hit something!
Info:  0 / 2 bricks remaining
Info:  Created new entity with texture paddle.png at (305, 305)
Info:  Changed texture of entity from paddle.png to paddle.png
Info:  Created new entity with texture ball.png at (320, 320)
Info:  Placed ball on paddle.
Info:  Created new entity with texture PowerUP.png at (320, 320)
Info:  Created new entity with texture redBrick.png at (200, 200)
Info:  Created new entity with texture redBrick.png at (290, 290)
Info:  Created new entity with texture redBrick.png at (380, 380)
Info:  Loaded level 3 with 3 blocks.
Info:  Detached ball from paddle.
Info:  Make the paddle faster!
Info:  Ball hit something!
Info:  Ball hit something!
Info:  Changed texture of entity from redBrick.png to yellowBrick.png
Info:  3 / 3 bricks remaining
Info:  Ball hit something!
Info:  Ball hit something!
Info:  Changed texture of entity from redBrick.png to yellowBrick.png
Info:  3 / 3 bricks remaining
Info:  Ball hit something!
Info:  Changed texture of entity from redBrick.png to greenBrick.png
Info:  3 / 3 bricks remaining
Info:  Ball hit something!
Info:  Ball hit something!
Info:  Ball hit something!
Info:  Ball hit something!
Info:  Ball hit something!
Info:  Changed texture of entity from redBrick.png to greenBrick.png
Info:  3 / 3 bricks remaining
Info:  Lives left: 2
Info:  Placed ball on paddle.
Info:  Detached ball from paddle.
Info:  Ball hit something!
Info:  Changed texture of entity from redBrick.png to yellowBrick.png
Info:  3 / 3 bricks remaining
Info:  Ball hit something!
Info:  Ball hit something!
Info:  2 / 3 bricks remaining
Info:  Ball hit something!
Info:  Lives left: 1
Info:  Placed ball on paddle.
Info:  Ball hit something!
Info:  Detached ball from paddle.
Info:  Ball hit something!
Info:  Changed texture of entity from redBrick.png to greenBrick.png
Info:  2 / 3 bricks remaining
Info:  Ball hit something!
Info:  1 / 3 bricks remaining
Info:  Ball hit something!
Info:  0 / 3 bricks remaining
Info:  Created new entity with texture paddle.png at (305, 305)
Info:  Changed texture of entity from paddle.png to paddle.png
Info:  Created new entity with texture ball.png at (320, 320)
Info:  Placed ball on paddle.
Info:  Created new entity with texture PowerUP.png at (320, 320)
Info:  Loaded level 4 with 0 blocks.
